\BOOKMARK [0][-]{chapter.1}{\376\377\0001\000\040\000H\000i\000e\000r\000a\000r\000c\000h\000i\000c\000a\000l\000\040\000I\000n\000d\000e\000x}{}% 1
\BOOKMARK [1][-]{section.1.1}{\376\377\0001\000.\0001\000\040\000C\000l\000a\000s\000s\000\040\000H\000i\000e\000r\000a\000r\000c\000h\000y}{chapter.1}% 2
\BOOKMARK [0][-]{chapter.2}{\376\377\0002\000\040\000C\000l\000a\000s\000s\000\040\000I\000n\000d\000e\000x}{}% 3
\BOOKMARK [1][-]{section.2.1}{\376\377\0002\000.\0001\000\040\000C\000l\000a\000s\000s\000\040\000L\000i\000s\000t}{chapter.2}% 4
\BOOKMARK [0][-]{chapter.3}{\376\377\0003\000\040\000C\000l\000a\000s\000s\000\040\000D\000o\000c\000u\000m\000e\000n\000t\000a\000t\000i\000o\000n}{}% 5
\BOOKMARK [1][-]{section.3.1}{\376\377\0003\000.\0001\000\040\000B\000l\000o\000c\000k\000\040\000C\000l\000a\000s\000s\000\040\000R\000e\000f\000e\000r\000e\000n\000c\000e}{chapter.3}% 6
\BOOKMARK [2][-]{subsection.3.1.1}{\376\377\0003\000.\0001\000.\0001\000\040\000D\000e\000t\000a\000i\000l\000e\000d\000\040\000D\000e\000s\000c\000r\000i\000p\000t\000i\000o\000n}{section.3.1}% 7
\BOOKMARK [2][-]{subsection.3.1.2}{\376\377\0003\000.\0001\000.\0002\000\040\000C\000o\000n\000s\000t\000r\000u\000c\000t\000o\000r\000\040\000\046\000\040\000D\000e\000s\000t\000r\000u\000c\000t\000o\000r\000\040\000D\000o\000c\000u\000m\000e\000n\000t\000a\000t\000i\000o\000n}{section.3.1}% 8
\BOOKMARK [3][-]{subsubsection.3.1.2.1}{\376\377\0003\000.\0001\000.\0002\000.\0001\000\040\000B\000l\000o\000c\000k\000\050\000\051}{subsection.3.1.2}% 9
\BOOKMARK [2][-]{subsection.3.1.3}{\376\377\0003\000.\0001\000.\0003\000\040\000M\000e\000m\000b\000e\000r\000\040\000F\000u\000n\000c\000t\000i\000o\000n\000\040\000D\000o\000c\000u\000m\000e\000n\000t\000a\000t\000i\000o\000n}{section.3.1}% 10
\BOOKMARK [3][-]{subsubsection.3.1.3.1}{\376\377\0003\000.\0001\000.\0003\000.\0001\000\040\000g\000e\000t\000B\000o\000u\000n\000d\000s\000\050\000\051}{subsection.3.1.3}% 11
\BOOKMARK [3][-]{subsubsection.3.1.3.2}{\376\377\0003\000.\0001\000.\0003\000.\0002\000\040\000g\000e\000t\000I\000s\000S\000q\000u\000a\000r\000e\000\050\000\051}{subsection.3.1.3}% 12
\BOOKMARK [3][-]{subsubsection.3.1.3.3}{\376\377\0003\000.\0001\000.\0003\000.\0003\000\040\000g\000e\000t\000S\000p\000r\000i\000t\000e\000R\000o\000t\000a\000t\000i\000o\000n\000\050\000\051}{subsection.3.1.3}% 13
\BOOKMARK [3][-]{subsubsection.3.1.3.4}{\376\377\0003\000.\0001\000.\0003\000.\0004\000\040\000g\000e\000t\000S\000t\000a\000g\000e\000A\000c\000c\000e\000s\000s\000\050\000\051}{subsection.3.1.3}% 14
\BOOKMARK [3][-]{subsubsection.3.1.3.5}{\376\377\0003\000.\0001\000.\0003\000.\0005\000\040\000r\000e\000n\000d\000e\000r\000\050\000\051}{subsection.3.1.3}% 15
\BOOKMARK [3][-]{subsubsection.3.1.3.6}{\376\377\0003\000.\0001\000.\0003\000.\0006\000\040\000s\000e\000t\000N\000e\000w\000T\000e\000x\000t\000u\000r\000e\000\050\000\051}{subsection.3.1.3}% 16
\BOOKMARK [1][-]{section.3.2}{\376\377\0003\000.\0002\000\040\000C\000o\000l\000l\000i\000s\000i\000o\000n\000\040\000C\000l\000a\000s\000s\000\040\000R\000e\000f\000e\000r\000e\000n\000c\000e}{chapter.3}% 17
\BOOKMARK [2][-]{subsection.3.2.1}{\376\377\0003\000.\0002\000.\0001\000\040\000D\000e\000t\000a\000i\000l\000e\000d\000\040\000D\000e\000s\000c\000r\000i\000p\000t\000i\000o\000n}{section.3.2}% 18
\BOOKMARK [2][-]{subsection.3.2.2}{\376\377\0003\000.\0002\000.\0002\000\040\000C\000o\000n\000s\000t\000r\000u\000c\000t\000o\000r\000\040\000\046\000\040\000D\000e\000s\000t\000r\000u\000c\000t\000o\000r\000\040\000D\000o\000c\000u\000m\000e\000n\000t\000a\000t\000i\000o\000n}{section.3.2}% 19
\BOOKMARK [3][-]{subsubsection.3.2.2.1}{\376\377\0003\000.\0002\000.\0002\000.\0001\000\040\000C\000o\000l\000l\000i\000s\000i\000o\000n\000\050\000\051}{subsection.3.2.2}% 20
\BOOKMARK [2][-]{subsection.3.2.3}{\376\377\0003\000.\0002\000.\0003\000\040\000M\000e\000m\000b\000e\000r\000\040\000F\000u\000n\000c\000t\000i\000o\000n\000\040\000D\000o\000c\000u\000m\000e\000n\000t\000a\000t\000i\000o\000n}{section.3.2}% 21
\BOOKMARK [3][-]{subsubsection.3.2.3.1}{\376\377\0003\000.\0002\000.\0003\000.\0001\000\040\000c\000h\000e\000c\000k\000C\000o\000l\000l\000i\000s\000i\000o\000n\000s\000\050\000\051}{subsection.3.2.3}% 22
\BOOKMARK [1][-]{section.3.3}{\376\377\0003\000.\0003\000\040\000C\000r\000a\000b\000\040\000C\000l\000a\000s\000s\000\040\000R\000e\000f\000e\000r\000e\000n\000c\000e}{chapter.3}% 23
\BOOKMARK [2][-]{subsection.3.3.1}{\376\377\0003\000.\0003\000.\0001\000\040\000D\000e\000t\000a\000i\000l\000e\000d\000\040\000D\000e\000s\000c\000r\000i\000p\000t\000i\000o\000n}{section.3.3}% 24
\BOOKMARK [1][-]{section.3.4}{\376\377\0003\000.\0004\000\040\000E\000n\000e\000m\000i\000e\000s\000\040\000C\000l\000a\000s\000s\000\040\000R\000e\000f\000e\000r\000e\000n\000c\000e}{chapter.3}% 25
\BOOKMARK [2][-]{subsection.3.4.1}{\376\377\0003\000.\0004\000.\0001\000\040\000D\000e\000t\000a\000i\000l\000e\000d\000\040\000D\000e\000s\000c\000r\000i\000p\000t\000i\000o\000n}{section.3.4}% 26
\BOOKMARK [2][-]{subsection.3.4.2}{\376\377\0003\000.\0004\000.\0002\000\040\000C\000o\000n\000s\000t\000r\000u\000c\000t\000o\000r\000\040\000\046\000\040\000D\000e\000s\000t\000r\000u\000c\000t\000o\000r\000\040\000D\000o\000c\000u\000m\000e\000n\000t\000a\000t\000i\000o\000n}{section.3.4}% 27
\BOOKMARK [3][-]{subsubsection.3.4.2.1}{\376\377\0003\000.\0004\000.\0002\000.\0001\000\040\000E\000n\000e\000m\000i\000e\000s\000\050\000\051}{subsection.3.4.2}% 28
\BOOKMARK [3][-]{subsubsection.3.4.2.2}{\376\377\0003\000.\0004\000.\0002\000.\0002\000\040\000\040\000E\000n\000e\000m\000i\000e\000s\000\050\000\051}{subsection.3.4.2}% 29
\BOOKMARK [2][-]{subsection.3.4.3}{\376\377\0003\000.\0004\000.\0003\000\040\000M\000e\000m\000b\000e\000r\000\040\000F\000u\000n\000c\000t\000i\000o\000n\000\040\000D\000o\000c\000u\000m\000e\000n\000t\000a\000t\000i\000o\000n}{section.3.4}% 30
\BOOKMARK [3][-]{subsubsection.3.4.3.1}{\376\377\0003\000.\0004\000.\0003\000.\0001\000\040\000d\000e\000l\000e\000t\000e\000A\000l\000l\000E\000n\000e\000m\000i\000e\000s\000A\000n\000d\000B\000u\000l\000l\000e\000t\000s\000\050\000\051}{subsection.3.4.3}% 31
\BOOKMARK [3][-]{subsubsection.3.4.3.2}{\376\377\0003\000.\0004\000.\0003\000.\0002\000\040\000g\000e\000t\000B\000u\000l\000l\000e\000t\000s\000V\000e\000c\000t\000o\000r\000\050\000\051}{subsection.3.4.3}% 32
\BOOKMARK [3][-]{subsubsection.3.4.3.3}{\376\377\0003\000.\0004\000.\0003\000.\0003\000\040\000g\000e\000t\000E\000n\000e\000m\000y\000L\000i\000s\000t\000\050\000\051}{subsection.3.4.3}% 33
\BOOKMARK [3][-]{subsubsection.3.4.3.4}{\376\377\0003\000.\0004\000.\0003\000.\0004\000\040\000r\000e\000n\000d\000e\000r\000\050\000\051}{subsection.3.4.3}% 34
\BOOKMARK [3][-]{subsubsection.3.4.3.5}{\376\377\0003\000.\0004\000.\0003\000.\0005\000\040\000u\000p\000d\000a\000t\000e\000\050\000\051}{subsection.3.4.3}% 35
\BOOKMARK [1][-]{section.3.5}{\376\377\0003\000.\0005\000\040\000E\000n\000e\000m\000y\000\040\000C\000l\000a\000s\000s\000\040\000R\000e\000f\000e\000r\000e\000n\000c\000e}{chapter.3}% 36
\BOOKMARK [2][-]{subsection.3.5.1}{\376\377\0003\000.\0005\000.\0001\000\040\000D\000e\000t\000a\000i\000l\000e\000d\000\040\000D\000e\000s\000c\000r\000i\000p\000t\000i\000o\000n}{section.3.5}% 37
\BOOKMARK [2][-]{subsection.3.5.2}{\376\377\0003\000.\0005\000.\0002\000\040\000C\000o\000n\000s\000t\000r\000u\000c\000t\000o\000r\000\040\000\046\000\040\000D\000e\000s\000t\000r\000u\000c\000t\000o\000r\000\040\000D\000o\000c\000u\000m\000e\000n\000t\000a\000t\000i\000o\000n}{section.3.5}% 38
\BOOKMARK [3][-]{subsubsection.3.5.2.1}{\376\377\0003\000.\0005\000.\0002\000.\0001\000\040\000E\000n\000e\000m\000y\000\050\000\051}{subsection.3.5.2}% 39
\BOOKMARK [2][-]{subsection.3.5.3}{\376\377\0003\000.\0005\000.\0003\000\040\000M\000e\000m\000b\000e\000r\000\040\000F\000u\000n\000c\000t\000i\000o\000n\000\040\000D\000o\000c\000u\000m\000e\000n\000t\000a\000t\000i\000o\000n}{section.3.5}% 40
\BOOKMARK [3][-]{subsubsection.3.5.3.1}{\376\377\0003\000.\0005\000.\0003\000.\0001\000\040\000c\000h\000e\000c\000k\000B\000o\000t\000t\000o\000m\000B\000o\000r\000d\000e\000r\000C\000o\000l\000l\000i\000s\000i\000o\000n\000\050\000\051}{subsection.3.5.3}% 41
\BOOKMARK [3][-]{subsubsection.3.5.3.2}{\376\377\0003\000.\0005\000.\0003\000.\0002\000\040\000c\000h\000e\000c\000k\000S\000i\000d\000e\000B\000o\000r\000d\000e\000r\000C\000o\000l\000l\000i\000s\000i\000o\000n\000\050\000\051}{subsection.3.5.3}% 42
\BOOKMARK [3][-]{subsubsection.3.5.3.3}{\376\377\0003\000.\0005\000.\0003\000.\0003\000\040\000g\000e\000t\000E\000n\000e\000m\000y\000T\000y\000p\000e\000\050\000\051}{subsection.3.5.3}% 43
\BOOKMARK [3][-]{subsubsection.3.5.3.4}{\376\377\0003\000.\0005\000.\0003\000.\0004\000\040\000i\000s\000A\000t\000t\000a\000c\000k\000P\000o\000s\000s\000i\000b\000l\000e\000\050\000\051}{subsection.3.5.3}% 44
\BOOKMARK [3][-]{subsubsection.3.5.3.5}{\376\377\0003\000.\0005\000.\0003\000.\0005\000\040\000m\000o\000v\000e\000T\000o\000L\000o\000w\000e\000r\000R\000o\000w\000\050\000\051}{subsection.3.5.3}% 45
\BOOKMARK [3][-]{subsubsection.3.5.3.6}{\376\377\0003\000.\0005\000.\0003\000.\0006\000\040\000u\000p\000d\000a\000t\000e\000\050\000\051}{subsection.3.5.3}% 46
\BOOKMARK [2][-]{subsection.3.5.4}{\376\377\0003\000.\0005\000.\0004\000\040\000M\000e\000m\000b\000e\000r\000\040\000D\000a\000t\000a\000\040\000D\000o\000c\000u\000m\000e\000n\000t\000a\000t\000i\000o\000n}{section.3.5}% 47
\BOOKMARK [3][-]{subsubsection.3.5.4.1}{\376\377\0003\000.\0005\000.\0004\000.\0001\000\040\000t\000e\000x\000t\000u\000r\000e\0002}{subsection.3.5.4}% 48
\BOOKMARK [3][-]{subsubsection.3.5.4.2}{\376\377\0003\000.\0005\000.\0004\000.\0002\000\040\000t\000i\000m\000e\000T\000o\000A\000n\000i\000m\000a\000t\000e}{subsection.3.5.4}% 49
\BOOKMARK [3][-]{subsubsection.3.5.4.3}{\376\377\0003\000.\0005\000.\0004\000.\0003\000\040\000t\000y\000p\000e}{subsection.3.5.4}% 50
\BOOKMARK [3][-]{subsubsection.3.5.4.4}{\376\377\0003\000.\0005\000.\0004\000.\0004\000\040\000u\000n\000d\000e\000r\000S\000o\000l\000o\000A\000t\000t\000a\000c\000k}{subsection.3.5.4}% 51
\BOOKMARK [1][-]{section.3.6}{\376\377\0003\000.\0006\000\040\000E\000n\000e\000m\000y\000B\000u\000l\000l\000e\000t\000\040\000C\000l\000a\000s\000s\000\040\000R\000e\000f\000e\000r\000e\000n\000c\000e}{chapter.3}% 52
\BOOKMARK [2][-]{subsection.3.6.1}{\376\377\0003\000.\0006\000.\0001\000\040\000D\000e\000t\000a\000i\000l\000e\000d\000\040\000D\000e\000s\000c\000r\000i\000p\000t\000i\000o\000n}{section.3.6}% 53
\BOOKMARK [2][-]{subsection.3.6.2}{\376\377\0003\000.\0006\000.\0002\000\040\000C\000o\000n\000s\000t\000r\000u\000c\000t\000o\000r\000\040\000\046\000\040\000D\000e\000s\000t\000r\000u\000c\000t\000o\000r\000\040\000D\000o\000c\000u\000m\000e\000n\000t\000a\000t\000i\000o\000n}{section.3.6}% 54
\BOOKMARK [3][-]{subsubsection.3.6.2.1}{\376\377\0003\000.\0006\000.\0002\000.\0001\000\040\000E\000n\000e\000m\000y\000B\000u\000l\000l\000e\000t\000\050\000\051}{subsection.3.6.2}% 55
\BOOKMARK [2][-]{subsection.3.6.3}{\376\377\0003\000.\0006\000.\0003\000\040\000M\000e\000m\000b\000e\000r\000\040\000F\000u\000n\000c\000t\000i\000o\000n\000\040\000D\000o\000c\000u\000m\000e\000n\000t\000a\000t\000i\000o\000n}{section.3.6}% 56
\BOOKMARK [3][-]{subsubsection.3.6.3.1}{\376\377\0003\000.\0006\000.\0003\000.\0001\000\040\000g\000e\000t\000B\000o\000u\000n\000d\000s\000\050\000\051}{subsection.3.6.3}% 57
\BOOKMARK [3][-]{subsubsection.3.6.3.2}{\376\377\0003\000.\0006\000.\0003\000.\0002\000\040\000r\000e\000n\000d\000e\000r\000\050\000\051}{subsection.3.6.3}% 58
\BOOKMARK [3][-]{subsubsection.3.6.3.3}{\376\377\0003\000.\0006\000.\0003\000.\0003\000\040\000u\000p\000d\000a\000t\000e\000\050\000\051}{subsection.3.6.3}% 59
\BOOKMARK [1][-]{section.3.7}{\376\377\0003\000.\0007\000\040\000E\000n\000e\000m\000y\000B\000u\000l\000l\000e\000t\000s\000\040\000C\000l\000a\000s\000s\000\040\000R\000e\000f\000e\000r\000e\000n\000c\000e}{chapter.3}% 60
\BOOKMARK [2][-]{subsection.3.7.1}{\376\377\0003\000.\0007\000.\0001\000\040\000D\000e\000t\000a\000i\000l\000e\000d\000\040\000D\000e\000s\000c\000r\000i\000p\000t\000i\000o\000n}{section.3.7}% 61
\BOOKMARK [2][-]{subsection.3.7.2}{\376\377\0003\000.\0007\000.\0002\000\040\000C\000o\000n\000s\000t\000r\000u\000c\000t\000o\000r\000\040\000\046\000\040\000D\000e\000s\000t\000r\000u\000c\000t\000o\000r\000\040\000D\000o\000c\000u\000m\000e\000n\000t\000a\000t\000i\000o\000n}{section.3.7}% 62
\BOOKMARK [3][-]{subsubsection.3.7.2.1}{\376\377\0003\000.\0007\000.\0002\000.\0001\000\040\000E\000n\000e\000m\000y\000B\000u\000l\000l\000e\000t\000s\000\050\000\051}{subsection.3.7.2}% 63
\BOOKMARK [3][-]{subsubsection.3.7.2.2}{\376\377\0003\000.\0007\000.\0002\000.\0002\000\040\000\040\000E\000n\000e\000m\000y\000B\000u\000l\000l\000e\000t\000s\000\050\000\051}{subsection.3.7.2}% 64
\BOOKMARK [2][-]{subsection.3.7.3}{\376\377\0003\000.\0007\000.\0003\000\040\000M\000e\000m\000b\000e\000r\000\040\000F\000u\000n\000c\000t\000i\000o\000n\000\040\000D\000o\000c\000u\000m\000e\000n\000t\000a\000t\000i\000o\000n}{section.3.7}% 65
\BOOKMARK [3][-]{subsubsection.3.7.3.1}{\376\377\0003\000.\0007\000.\0003\000.\0001\000\040\000d\000e\000l\000e\000t\000e\000A\000l\000l\000E\000n\000e\000m\000y\000B\000u\000l\000l\000e\000t\000s\000\050\000\051}{subsection.3.7.3}% 66
\BOOKMARK [3][-]{subsubsection.3.7.3.2}{\376\377\0003\000.\0007\000.\0003\000.\0002\000\040\000g\000e\000t\000B\000u\000l\000l\000e\000t\000s\000V\000e\000c\000t\000o\000r\000\050\000\051}{subsection.3.7.3}% 67
\BOOKMARK [3][-]{subsubsection.3.7.3.3}{\376\377\0003\000.\0007\000.\0003\000.\0003\000\040\000r\000e\000n\000d\000e\000r\000B\000u\000l\000l\000e\000t\000s\000\050\000\051}{subsection.3.7.3}% 68
\BOOKMARK [3][-]{subsubsection.3.7.3.4}{\376\377\0003\000.\0007\000.\0003\000.\0004\000\040\000s\000p\000a\000w\000n\000B\000u\000l\000l\000e\000t\000\050\000\051}{subsection.3.7.3}% 69
\BOOKMARK [3][-]{subsubsection.3.7.3.5}{\376\377\0003\000.\0007\000.\0003\000.\0005\000\040\000u\000p\000d\000a\000t\000e\000B\000u\000l\000l\000e\000t\000s\000\050\000\051}{subsection.3.7.3}% 70
\BOOKMARK [1][-]{section.3.8}{\376\377\0003\000.\0008\000\040\000G\000a\000m\000e\000\040\000C\000l\000a\000s\000s\000\040\000R\000e\000f\000e\000r\000e\000n\000c\000e}{chapter.3}% 71
\BOOKMARK [2][-]{subsection.3.8.1}{\376\377\0003\000.\0008\000.\0001\000\040\000D\000e\000t\000a\000i\000l\000e\000d\000\040\000D\000e\000s\000c\000r\000i\000p\000t\000i\000o\000n}{section.3.8}% 72
\BOOKMARK [2][-]{subsection.3.8.2}{\376\377\0003\000.\0008\000.\0002\000\040\000C\000o\000n\000s\000t\000r\000u\000c\000t\000o\000r\000\040\000\046\000\040\000D\000e\000s\000t\000r\000u\000c\000t\000o\000r\000\040\000D\000o\000c\000u\000m\000e\000n\000t\000a\000t\000i\000o\000n}{section.3.8}% 73
\BOOKMARK [3][-]{subsubsection.3.8.2.1}{\376\377\0003\000.\0008\000.\0002\000.\0001\000\040\000G\000a\000m\000e\000\050\000\051}{subsection.3.8.2}% 74
\BOOKMARK [3][-]{subsubsection.3.8.2.2}{\376\377\0003\000.\0008\000.\0002\000.\0002\000\040\000\040\000G\000a\000m\000e\000\050\000\051}{subsection.3.8.2}% 75
\BOOKMARK [2][-]{subsection.3.8.3}{\376\377\0003\000.\0008\000.\0003\000\040\000M\000e\000m\000b\000e\000r\000\040\000F\000u\000n\000c\000t\000i\000o\000n\000\040\000D\000o\000c\000u\000m\000e\000n\000t\000a\000t\000i\000o\000n}{section.3.8}% 76
\BOOKMARK [3][-]{subsubsection.3.8.3.1}{\376\377\0003\000.\0008\000.\0003\000.\0001\000\040\000i\000s\000W\000i\000n\000d\000o\000w\000O\000p\000e\000n\000e\000d\000\050\000\051}{subsection.3.8.3}% 77
\BOOKMARK [3][-]{subsubsection.3.8.3.2}{\376\377\0003\000.\0008\000.\0003\000.\0002\000\040\000r\000e\000n\000d\000e\000r\000\050\000\051}{subsection.3.8.3}% 78
\BOOKMARK [3][-]{subsubsection.3.8.3.3}{\376\377\0003\000.\0008\000.\0003\000.\0003\000\040\000u\000p\000d\000a\000t\000e\000\050\000\051}{subsection.3.8.3}% 79
\BOOKMARK [1][-]{section.3.9}{\376\377\0003\000.\0009\000\040\000H\000U\000D\000\040\000C\000l\000a\000s\000s\000\040\000R\000e\000f\000e\000r\000e\000n\000c\000e}{chapter.3}% 80
\BOOKMARK [2][-]{subsection.3.9.1}{\376\377\0003\000.\0009\000.\0001\000\040\000D\000e\000t\000a\000i\000l\000e\000d\000\040\000D\000e\000s\000c\000r\000i\000p\000t\000i\000o\000n}{section.3.9}% 81
\BOOKMARK [2][-]{subsection.3.9.2}{\376\377\0003\000.\0009\000.\0002\000\040\000C\000o\000n\000s\000t\000r\000u\000c\000t\000o\000r\000\040\000\046\000\040\000D\000e\000s\000t\000r\000u\000c\000t\000o\000r\000\040\000D\000o\000c\000u\000m\000e\000n\000t\000a\000t\000i\000o\000n}{section.3.9}% 82
\BOOKMARK [3][-]{subsubsection.3.9.2.1}{\376\377\0003\000.\0009\000.\0002\000.\0001\000\040\000H\000U\000D\000\050\000\051}{subsection.3.9.2}% 83
\BOOKMARK [2][-]{subsection.3.9.3}{\376\377\0003\000.\0009\000.\0003\000\040\000M\000e\000m\000b\000e\000r\000\040\000F\000u\000n\000c\000t\000i\000o\000n\000\040\000D\000o\000c\000u\000m\000e\000n\000t\000a\000t\000i\000o\000n}{section.3.9}% 84
\BOOKMARK [3][-]{subsubsection.3.9.3.1}{\376\377\0003\000.\0009\000.\0003\000.\0001\000\040\000r\000e\000n\000d\000e\000r\000H\000e\000a\000l\000t\000h\000B\000a\000r\000\050\000\051}{subsection.3.9.3}% 85
\BOOKMARK [3][-]{subsubsection.3.9.3.2}{\376\377\0003\000.\0009\000.\0003\000.\0002\000\040\000r\000e\000n\000d\000e\000r\000H\000U\000D\000\050\000\051}{subsection.3.9.3}% 86
\BOOKMARK [3][-]{subsubsection.3.9.3.3}{\376\377\0003\000.\0009\000.\0003\000.\0003\000\040\000u\000p\000d\000a\000t\000e\000H\000U\000D\000\050\000\051}{subsection.3.9.3}% 87
\BOOKMARK [1][-]{section.3.10}{\376\377\0003\000.\0001\0000\000\040\000M\000e\000n\000u\000\040\000C\000l\000a\000s\000s\000\040\000R\000e\000f\000e\000r\000e\000n\000c\000e}{chapter.3}% 88
\BOOKMARK [2][-]{subsection.3.10.1}{\376\377\0003\000.\0001\0000\000.\0001\000\040\000D\000e\000t\000a\000i\000l\000e\000d\000\040\000D\000e\000s\000c\000r\000i\000p\000t\000i\000o\000n}{section.3.10}% 89
\BOOKMARK [2][-]{subsection.3.10.2}{\376\377\0003\000.\0001\0000\000.\0002\000\040\000C\000o\000n\000s\000t\000r\000u\000c\000t\000o\000r\000\040\000\046\000\040\000D\000e\000s\000t\000r\000u\000c\000t\000o\000r\000\040\000D\000o\000c\000u\000m\000e\000n\000t\000a\000t\000i\000o\000n}{section.3.10}% 90
\BOOKMARK [3][-]{subsubsection.3.10.2.1}{\376\377\0003\000.\0001\0000\000.\0002\000.\0001\000\040\000M\000e\000n\000u\000\050\000\051}{subsection.3.10.2}% 91
\BOOKMARK [2][-]{subsection.3.10.3}{\376\377\0003\000.\0001\0000\000.\0003\000\040\000M\000e\000m\000b\000e\000r\000\040\000F\000u\000n\000c\000t\000i\000o\000n\000\040\000D\000o\000c\000u\000m\000e\000n\000t\000a\000t\000i\000o\000n}{section.3.10}% 92
\BOOKMARK [3][-]{subsubsection.3.10.3.1}{\376\377\0003\000.\0001\0000\000.\0003\000.\0001\000\040\000e\000n\000d\000M\000e\000n\000u\000\050\000\051}{subsection.3.10.3}% 93
\BOOKMARK [3][-]{subsubsection.3.10.3.2}{\376\377\0003\000.\0001\0000\000.\0003\000.\0002\000\040\000s\000c\000a\000l\000e\000T\000e\000x\000t\000\050\000\051}{subsection.3.10.3}% 94
\BOOKMARK [3][-]{subsubsection.3.10.3.3}{\376\377\0003\000.\0001\0000\000.\0003\000.\0003\000\040\000s\000t\000a\000r\000t\000M\000e\000n\000u\000\050\000\051}{subsection.3.10.3}% 95
\BOOKMARK [3][-]{subsubsection.3.10.3.4}{\376\377\0003\000.\0001\0000\000.\0003\000.\0004\000\040\000u\000p\000d\000a\000t\000e\000S\000c\000o\000r\000e\000\050\000\051}{subsection.3.10.3}% 96
\BOOKMARK [1][-]{section.3.11}{\376\377\0003\000.\0001\0001\000\040\000O\000c\000t\000o\000p\000u\000s\000\040\000C\000l\000a\000s\000s\000\040\000R\000e\000f\000e\000r\000e\000n\000c\000e}{chapter.3}% 97
\BOOKMARK [2][-]{subsection.3.11.1}{\376\377\0003\000.\0001\0001\000.\0001\000\040\000D\000e\000t\000a\000i\000l\000e\000d\000\040\000D\000e\000s\000c\000r\000i\000p\000t\000i\000o\000n}{section.3.11}% 98
\BOOKMARK [1][-]{section.3.12}{\376\377\0003\000.\0001\0002\000\040\000P\000l\000a\000y\000e\000r\000\040\000C\000l\000a\000s\000s\000\040\000R\000e\000f\000e\000r\000e\000n\000c\000e}{chapter.3}% 99
\BOOKMARK [2][-]{subsection.3.12.1}{\376\377\0003\000.\0001\0002\000.\0001\000\040\000D\000e\000t\000a\000i\000l\000e\000d\000\040\000D\000e\000s\000c\000r\000i\000p\000t\000i\000o\000n}{section.3.12}% 100
\BOOKMARK [2][-]{subsection.3.12.2}{\376\377\0003\000.\0001\0002\000.\0002\000\040\000C\000o\000n\000s\000t\000r\000u\000c\000t\000o\000r\000\040\000\046\000\040\000D\000e\000s\000t\000r\000u\000c\000t\000o\000r\000\040\000D\000o\000c\000u\000m\000e\000n\000t\000a\000t\000i\000o\000n}{section.3.12}% 101
\BOOKMARK [3][-]{subsubsection.3.12.2.1}{\376\377\0003\000.\0001\0002\000.\0002\000.\0001\000\040\000P\000l\000a\000y\000e\000r\000\050\000\051}{subsection.3.12.2}% 102
\BOOKMARK [2][-]{subsection.3.12.3}{\376\377\0003\000.\0001\0002\000.\0003\000\040\000M\000e\000m\000b\000e\000r\000\040\000F\000u\000n\000c\000t\000i\000o\000n\000\040\000D\000o\000c\000u\000m\000e\000n\000t\000a\000t\000i\000o\000n}{section.3.12}% 103
\BOOKMARK [3][-]{subsubsection.3.12.3.1}{\376\377\0003\000.\0001\0002\000.\0003\000.\0001\000\040\000d\000e\000c\000r\000e\000a\000s\000e\000H\000e\000a\000l\000t\000h\000\050\000\051}{subsection.3.12.3}% 104
\BOOKMARK [3][-]{subsubsection.3.12.3.2}{\376\377\0003\000.\0001\0002\000.\0003\000.\0002\000\040\000g\000e\000t\000H\000e\000a\000l\000t\000h\000\050\000\051}{subsection.3.12.3}% 105
\BOOKMARK [3][-]{subsubsection.3.12.3.3}{\376\377\0003\000.\0001\0002\000.\0003\000.\0003\000\040\000i\000n\000c\000r\000e\000a\000s\000e\000H\000e\000a\000l\000t\000h\000\050\000\051}{subsection.3.12.3}% 106
\BOOKMARK [3][-]{subsubsection.3.12.3.4}{\376\377\0003\000.\0001\0002\000.\0003\000.\0004\000\040\000i\000s\000A\000t\000t\000a\000c\000k\000P\000o\000s\000s\000i\000b\000l\000e\000\050\000\051}{subsection.3.12.3}% 107
\BOOKMARK [3][-]{subsubsection.3.12.3.5}{\376\377\0003\000.\0001\0002\000.\0003\000.\0005\000\040\000s\000e\000t\000N\000e\000w\000C\000a\000n\000n\000o\000n\000\050\000\051}{subsection.3.12.3}% 108
\BOOKMARK [3][-]{subsubsection.3.12.3.6}{\376\377\0003\000.\0001\0002\000.\0003\000.\0006\000\040\000u\000p\000d\000a\000t\000e\000\050\000\051}{subsection.3.12.3}% 109
\BOOKMARK [1][-]{section.3.13}{\376\377\0003\000.\0001\0003\000\040\000P\000l\000a\000y\000e\000r\000B\000u\000l\000l\000e\000t\000\040\000C\000l\000a\000s\000s\000\040\000R\000e\000f\000e\000r\000e\000n\000c\000e}{chapter.3}% 110
\BOOKMARK [2][-]{subsection.3.13.1}{\376\377\0003\000.\0001\0003\000.\0001\000\040\000D\000e\000t\000a\000i\000l\000e\000d\000\040\000D\000e\000s\000c\000r\000i\000p\000t\000i\000o\000n}{section.3.13}% 111
\BOOKMARK [2][-]{subsection.3.13.2}{\376\377\0003\000.\0001\0003\000.\0002\000\040\000C\000o\000n\000s\000t\000r\000u\000c\000t\000o\000r\000\040\000\046\000\040\000D\000e\000s\000t\000r\000u\000c\000t\000o\000r\000\040\000D\000o\000c\000u\000m\000e\000n\000t\000a\000t\000i\000o\000n}{section.3.13}% 112
\BOOKMARK [3][-]{subsubsection.3.13.2.1}{\376\377\0003\000.\0001\0003\000.\0002\000.\0001\000\040\000P\000l\000a\000y\000e\000r\000B\000u\000l\000l\000e\000t\000\050\000\051}{subsection.3.13.2}% 113
\BOOKMARK [2][-]{subsection.3.13.3}{\376\377\0003\000.\0001\0003\000.\0003\000\040\000M\000e\000m\000b\000e\000r\000\040\000F\000u\000n\000c\000t\000i\000o\000n\000\040\000D\000o\000c\000u\000m\000e\000n\000t\000a\000t\000i\000o\000n}{section.3.13}% 114
\BOOKMARK [3][-]{subsubsection.3.13.3.1}{\376\377\0003\000.\0001\0003\000.\0003\000.\0001\000\040\000g\000e\000t\000B\000o\000u\000n\000d\000s\000\050\000\051}{subsection.3.13.3}% 115
\BOOKMARK [3][-]{subsubsection.3.13.3.2}{\376\377\0003\000.\0001\0003\000.\0003\000.\0002\000\040\000r\000e\000n\000d\000e\000r\000\050\000\051}{subsection.3.13.3}% 116
\BOOKMARK [3][-]{subsubsection.3.13.3.3}{\376\377\0003\000.\0001\0003\000.\0003\000.\0003\000\040\000u\000p\000d\000a\000t\000e\000\050\000\051}{subsection.3.13.3}% 117
\BOOKMARK [1][-]{section.3.14}{\376\377\0003\000.\0001\0004\000\040\000P\000l\000a\000y\000e\000r\000B\000u\000l\000l\000e\000t\000s\000\040\000C\000l\000a\000s\000s\000\040\000R\000e\000f\000e\000r\000e\000n\000c\000e}{chapter.3}% 118
\BOOKMARK [2][-]{subsection.3.14.1}{\376\377\0003\000.\0001\0004\000.\0001\000\040\000D\000e\000t\000a\000i\000l\000e\000d\000\040\000D\000e\000s\000c\000r\000i\000p\000t\000i\000o\000n}{section.3.14}% 119
\BOOKMARK [2][-]{subsection.3.14.2}{\376\377\0003\000.\0001\0004\000.\0002\000\040\000C\000o\000n\000s\000t\000r\000u\000c\000t\000o\000r\000\040\000\046\000\040\000D\000e\000s\000t\000r\000u\000c\000t\000o\000r\000\040\000D\000o\000c\000u\000m\000e\000n\000t\000a\000t\000i\000o\000n}{section.3.14}% 120
\BOOKMARK [3][-]{subsubsection.3.14.2.1}{\376\377\0003\000.\0001\0004\000.\0002\000.\0001\000\040\000P\000l\000a\000y\000e\000r\000B\000u\000l\000l\000e\000t\000s\000\050\000\051}{subsection.3.14.2}% 121
\BOOKMARK [3][-]{subsubsection.3.14.2.2}{\376\377\0003\000.\0001\0004\000.\0002\000.\0002\000\040\000\040\000P\000l\000a\000y\000e\000r\000B\000u\000l\000l\000e\000t\000s\000\050\000\051}{subsection.3.14.2}% 122
\BOOKMARK [2][-]{subsection.3.14.3}{\376\377\0003\000.\0001\0004\000.\0003\000\040\000M\000e\000m\000b\000e\000r\000\040\000F\000u\000n\000c\000t\000i\000o\000n\000\040\000D\000o\000c\000u\000m\000e\000n\000t\000a\000t\000i\000o\000n}{section.3.14}% 123
\BOOKMARK [3][-]{subsubsection.3.14.3.1}{\376\377\0003\000.\0001\0004\000.\0003\000.\0001\000\040\000d\000e\000l\000e\000t\000e\000A\000l\000l\000B\000u\000l\000l\000e\000t\000s\000\050\000\051}{subsection.3.14.3}% 124
\BOOKMARK [3][-]{subsubsection.3.14.3.2}{\376\377\0003\000.\0001\0004\000.\0003\000.\0002\000\040\000g\000e\000t\000B\000u\000l\000l\000e\000t\000s\000V\000e\000c\000t\000o\000r\000\050\000\051}{subsection.3.14.3}% 125
\BOOKMARK [3][-]{subsubsection.3.14.3.3}{\376\377\0003\000.\0001\0004\000.\0003\000.\0003\000\040\000r\000e\000n\000d\000e\000r\000B\000u\000l\000l\000e\000t\000s\000\050\000\051}{subsection.3.14.3}% 126
\BOOKMARK [3][-]{subsubsection.3.14.3.4}{\376\377\0003\000.\0001\0004\000.\0003\000.\0004\000\040\000s\000p\000a\000w\000n\000B\000u\000l\000l\000e\000t\000\050\000\051}{subsection.3.14.3}% 127
\BOOKMARK [3][-]{subsubsection.3.14.3.5}{\376\377\0003\000.\0001\0004\000.\0003\000.\0005\000\040\000u\000p\000d\000a\000t\000e\000B\000u\000l\000l\000e\000t\000s\000\050\000\051}{subsection.3.14.3}% 128
\BOOKMARK [1][-]{section.3.15}{\376\377\0003\000.\0001\0005\000\040\000R\000e\000s\000u\000l\000t\000\040\000C\000l\000a\000s\000s\000\040\000R\000e\000f\000e\000r\000e\000n\000c\000e}{chapter.3}% 129
\BOOKMARK [2][-]{subsection.3.15.1}{\376\377\0003\000.\0001\0005\000.\0001\000\040\000D\000e\000t\000a\000i\000l\000e\000d\000\040\000D\000e\000s\000c\000r\000i\000p\000t\000i\000o\000n}{section.3.15}% 130
\BOOKMARK [2][-]{subsection.3.15.2}{\376\377\0003\000.\0001\0005\000.\0002\000\040\000C\000o\000n\000s\000t\000r\000u\000c\000t\000o\000r\000\040\000\046\000\040\000D\000e\000s\000t\000r\000u\000c\000t\000o\000r\000\040\000D\000o\000c\000u\000m\000e\000n\000t\000a\000t\000i\000o\000n}{section.3.15}% 131
\BOOKMARK [3][-]{subsubsection.3.15.2.1}{\376\377\0003\000.\0001\0005\000.\0002\000.\0001\000\040\000R\000e\000s\000u\000l\000t\000\050\000\051}{subsection.3.15.2}% 132
\BOOKMARK [3][-]{subsubsection.3.15.2.2}{\376\377\0003\000.\0001\0005\000.\0002\000.\0002\000\040\000\040\000R\000e\000s\000u\000l\000t\000\050\000\051}{subsection.3.15.2}% 133
\BOOKMARK [2][-]{subsection.3.15.3}{\376\377\0003\000.\0001\0005\000.\0003\000\040\000M\000e\000m\000b\000e\000r\000\040\000F\000u\000n\000c\000t\000i\000o\000n\000\040\000D\000o\000c\000u\000m\000e\000n\000t\000a\000t\000i\000o\000n}{section.3.15}% 134
\BOOKMARK [3][-]{subsubsection.3.15.3.1}{\376\377\0003\000.\0001\0005\000.\0003\000.\0001\000\040\000g\000e\000t\000B\000e\000s\000t\000S\000c\000o\000r\000e\000\050\000\051}{subsection.3.15.3}% 135
\BOOKMARK [3][-]{subsubsection.3.15.3.2}{\376\377\0003\000.\0001\0005\000.\0003\000.\0002\000\040\000g\000e\000t\000L\000e\000v\000e\000l\000\050\000\051}{subsection.3.15.3}% 136
\BOOKMARK [3][-]{subsubsection.3.15.3.3}{\376\377\0003\000.\0001\0005\000.\0003\000.\0003\000\040\000g\000e\000t\000S\000c\000o\000r\000e\000\050\000\051}{subsection.3.15.3}% 137
\BOOKMARK [3][-]{subsubsection.3.15.3.4}{\376\377\0003\000.\0001\0005\000.\0003\000.\0004\000\040\000r\000e\000s\000e\000t\000L\000e\000v\000e\000l\000\050\000\051}{subsection.3.15.3}% 138
\BOOKMARK [3][-]{subsubsection.3.15.3.5}{\376\377\0003\000.\0001\0005\000.\0003\000.\0005\000\040\000r\000e\000s\000e\000t\000S\000c\000o\000r\000e\000\050\000\051}{subsection.3.15.3}% 139
\BOOKMARK [3][-]{subsubsection.3.15.3.6}{\376\377\0003\000.\0001\0005\000.\0003\000.\0006\000\040\000u\000p\000d\000a\000t\000e\000B\000e\000s\000t\000S\000c\000o\000r\000e\000\050\000\051}{subsection.3.15.3}% 140
\BOOKMARK [1][-]{section.3.16}{\376\377\0003\000.\0001\0006\000\040\000S\000f\000m\000l\000U\000t\000i\000l\000i\000t\000i\000e\000s\000\040\000C\000l\000a\000s\000s\000\040\000R\000e\000f\000e\000r\000e\000n\000c\000e}{chapter.3}% 141
\BOOKMARK [2][-]{subsection.3.16.1}{\376\377\0003\000.\0001\0006\000.\0001\000\040\000D\000e\000t\000a\000i\000l\000e\000d\000\040\000D\000e\000s\000c\000r\000i\000p\000t\000i\000o\000n}{section.3.16}% 142
\BOOKMARK [2][-]{subsection.3.16.2}{\376\377\0003\000.\0001\0006\000.\0002\000\040\000C\000o\000n\000s\000t\000r\000u\000c\000t\000o\000r\000\040\000\046\000\040\000D\000e\000s\000t\000r\000u\000c\000t\000o\000r\000\040\000D\000o\000c\000u\000m\000e\000n\000t\000a\000t\000i\000o\000n}{section.3.16}% 143
\BOOKMARK [3][-]{subsubsection.3.16.2.1}{\376\377\0003\000.\0001\0006\000.\0002\000.\0001\000\040\000S\000f\000m\000l\000U\000t\000i\000l\000i\000t\000i\000e\000s\000\050\000\051}{subsection.3.16.2}% 144
\BOOKMARK [3][-]{subsubsection.3.16.2.2}{\376\377\0003\000.\0001\0006\000.\0002\000.\0002\000\040\000\040\000S\000f\000m\000l\000U\000t\000i\000l\000i\000t\000i\000e\000s\000\050\000\051}{subsection.3.16.2}% 145
\BOOKMARK [2][-]{subsection.3.16.3}{\376\377\0003\000.\0001\0006\000.\0003\000\040\000M\000e\000m\000b\000e\000r\000\040\000F\000u\000n\000c\000t\000i\000o\000n\000\040\000D\000o\000c\000u\000m\000e\000n\000t\000a\000t\000i\000o\000n}{section.3.16}% 146
\BOOKMARK [3][-]{subsubsection.3.16.3.1}{\376\377\0003\000.\0001\0006\000.\0003\000.\0001\000\040\000g\000e\000t\000E\000v\000e\000n\000t\000\050\000\051}{subsection.3.16.3}% 147
\BOOKMARK [3][-]{subsubsection.3.16.3.2}{\376\377\0003\000.\0001\0006\000.\0003\000.\0002\000\040\000g\000e\000t\000W\000i\000n\000d\000o\000w\000\050\000\051}{subsection.3.16.3}% 148
\BOOKMARK [3][-]{subsubsection.3.16.3.3}{\376\377\0003\000.\0001\0006\000.\0003\000.\0003\000\040\000i\000n\000p\000u\000t\000C\000h\000e\000c\000k\000\050\000\051}{subsection.3.16.3}% 149
\BOOKMARK [3][-]{subsubsection.3.16.3.4}{\376\377\0003\000.\0001\0006\000.\0003\000.\0004\000\040\000i\000s\000W\000i\000n\000d\000o\000w\000O\000p\000e\000n\000e\000d\000\050\000\051}{subsection.3.16.3}% 150
\BOOKMARK [1][-]{section.3.17}{\376\377\0003\000.\0001\0007\000\040\000S\000o\000u\000n\000d\000s\000\040\000C\000l\000a\000s\000s\000\040\000R\000e\000f\000e\000r\000e\000n\000c\000e}{chapter.3}% 151
\BOOKMARK [2][-]{subsection.3.17.1}{\376\377\0003\000.\0001\0007\000.\0001\000\040\000D\000e\000t\000a\000i\000l\000e\000d\000\040\000D\000e\000s\000c\000r\000i\000p\000t\000i\000o\000n}{section.3.17}% 152
\BOOKMARK [2][-]{subsection.3.17.2}{\376\377\0003\000.\0001\0007\000.\0002\000\040\000C\000o\000n\000s\000t\000r\000u\000c\000t\000o\000r\000\040\000\046\000\040\000D\000e\000s\000t\000r\000u\000c\000t\000o\000r\000\040\000D\000o\000c\000u\000m\000e\000n\000t\000a\000t\000i\000o\000n}{section.3.17}% 153
\BOOKMARK [3][-]{subsubsection.3.17.2.1}{\376\377\0003\000.\0001\0007\000.\0002\000.\0001\000\040\000S\000o\000u\000n\000d\000s\000\050\000\051}{subsection.3.17.2}% 154
\BOOKMARK [3][-]{subsubsection.3.17.2.2}{\376\377\0003\000.\0001\0007\000.\0002\000.\0002\000\040\000\040\000S\000o\000u\000n\000d\000s\000\050\000\051}{subsection.3.17.2}% 155
\BOOKMARK [2][-]{subsection.3.17.3}{\376\377\0003\000.\0001\0007\000.\0003\000\040\000M\000e\000m\000b\000e\000r\000\040\000F\000u\000n\000c\000t\000i\000o\000n\000\040\000D\000o\000c\000u\000m\000e\000n\000t\000a\000t\000i\000o\000n}{section.3.17}% 156
\BOOKMARK [3][-]{subsubsection.3.17.3.1}{\376\377\0003\000.\0001\0007\000.\0003\000.\0001\000\040\000g\000e\000t\000S\000o\000u\000n\000d\000B\000u\000f\000f\000e\000r\000\050\000\051}{subsection.3.17.3}% 157
\BOOKMARK [3][-]{subsubsection.3.17.3.2}{\376\377\0003\000.\0001\0007\000.\0003\000.\0002\000\040\000p\000l\000a\000y\000G\000a\000m\000e\000O\000v\000e\000r\000S\000o\000u\000n\000d\000\050\000\051}{subsection.3.17.3}% 158
\BOOKMARK [3][-]{subsubsection.3.17.3.3}{\376\377\0003\000.\0001\0007\000.\0003\000.\0003\000\040\000p\000l\000a\000y\000M\000u\000s\000i\000c\000\050\000\051}{subsection.3.17.3}% 159
\BOOKMARK [3][-]{subsubsection.3.17.3.4}{\376\377\0003\000.\0001\0007\000.\0003\000.\0004\000\040\000s\000t\000o\000p\000G\000a\000m\000e\000O\000v\000e\000r\000S\000o\000u\000n\000d\000\050\000\051}{subsection.3.17.3}% 160
\BOOKMARK [3][-]{subsubsection.3.17.3.5}{\376\377\0003\000.\0001\0007\000.\0003\000.\0005\000\040\000s\000t\000o\000p\000M\000u\000s\000i\000c\000\050\000\051}{subsection.3.17.3}% 161
\BOOKMARK [1][-]{section.3.18}{\376\377\0003\000.\0001\0008\000\040\000S\000q\000u\000i\000d\000\040\000C\000l\000a\000s\000s\000\040\000R\000e\000f\000e\000r\000e\000n\000c\000e}{chapter.3}% 162
\BOOKMARK [2][-]{subsection.3.18.1}{\376\377\0003\000.\0001\0008\000.\0001\000\040\000D\000e\000t\000a\000i\000l\000e\000d\000\040\000D\000e\000s\000c\000r\000i\000p\000t\000i\000o\000n}{section.3.18}% 163
\BOOKMARK [1][-]{section.3.19}{\376\377\0003\000.\0001\0009\000\040\000T\000e\000x\000t\000u\000r\000e\000s\000\040\000C\000l\000a\000s\000s\000\040\000R\000e\000f\000e\000r\000e\000n\000c\000e}{chapter.3}% 164
\BOOKMARK [2][-]{subsection.3.19.1}{\376\377\0003\000.\0001\0009\000.\0001\000\040\000D\000e\000t\000a\000i\000l\000e\000d\000\040\000D\000e\000s\000c\000r\000i\000p\000t\000i\000o\000n}{section.3.19}% 165
\BOOKMARK [2][-]{subsection.3.19.2}{\376\377\0003\000.\0001\0009\000.\0002\000\040\000C\000o\000n\000s\000t\000r\000u\000c\000t\000o\000r\000\040\000\046\000\040\000D\000e\000s\000t\000r\000u\000c\000t\000o\000r\000\040\000D\000o\000c\000u\000m\000e\000n\000t\000a\000t\000i\000o\000n}{section.3.19}% 166
\BOOKMARK [3][-]{subsubsection.3.19.2.1}{\376\377\0003\000.\0001\0009\000.\0002\000.\0001\000\040\000T\000e\000x\000t\000u\000r\000e\000s\000\050\000\051}{subsection.3.19.2}% 167
\BOOKMARK [3][-]{subsubsection.3.19.2.2}{\376\377\0003\000.\0001\0009\000.\0002\000.\0002\000\040\000\040\000T\000e\000x\000t\000u\000r\000e\000s\000\050\000\051}{subsection.3.19.2}% 168
\BOOKMARK [2][-]{subsection.3.19.3}{\376\377\0003\000.\0001\0009\000.\0003\000\040\000M\000e\000m\000b\000e\000r\000\040\000F\000u\000n\000c\000t\000i\000o\000n\000\040\000D\000o\000c\000u\000m\000e\000n\000t\000a\000t\000i\000o\000n}{section.3.19}% 169
\BOOKMARK [3][-]{subsubsection.3.19.3.1}{\376\377\0003\000.\0001\0009\000.\0003\000.\0001\000\040\000g\000e\000t\000F\000o\000n\000t\000\050\000\051}{subsection.3.19.3}% 170
\BOOKMARK [3][-]{subsubsection.3.19.3.2}{\376\377\0003\000.\0001\0009\000.\0003\000.\0002\000\040\000g\000e\000t\000T\000e\000x\000t\000u\000r\000e\000\050\000\051}{subsection.3.19.3}% 171
\BOOKMARK [1][-]{section.3.20}{\376\377\0003\000.\0002\0000\000\040\000T\000i\000m\000e\000r\000\040\000C\000l\000a\000s\000s\000\040\000R\000e\000f\000e\000r\000e\000n\000c\000e}{chapter.3}% 172
\BOOKMARK [2][-]{subsection.3.20.1}{\376\377\0003\000.\0002\0000\000.\0001\000\040\000D\000e\000t\000a\000i\000l\000e\000d\000\040\000D\000e\000s\000c\000r\000i\000p\000t\000i\000o\000n}{section.3.20}% 173
\BOOKMARK [2][-]{subsection.3.20.2}{\376\377\0003\000.\0002\0000\000.\0002\000\040\000C\000o\000n\000s\000t\000r\000u\000c\000t\000o\000r\000\040\000\046\000\040\000D\000e\000s\000t\000r\000u\000c\000t\000o\000r\000\040\000D\000o\000c\000u\000m\000e\000n\000t\000a\000t\000i\000o\000n}{section.3.20}% 174
\BOOKMARK [3][-]{subsubsection.3.20.2.1}{\376\377\0003\000.\0002\0000\000.\0002\000.\0001\000\040\000T\000i\000m\000e\000r\000\050\000\051}{subsection.3.20.2}% 175
\BOOKMARK [3][-]{subsubsection.3.20.2.2}{\376\377\0003\000.\0002\0000\000.\0002\000.\0002\000\040\000\040\000T\000i\000m\000e\000r\000\050\000\051}{subsection.3.20.2}% 176
\BOOKMARK [2][-]{subsection.3.20.3}{\376\377\0003\000.\0002\0000\000.\0003\000\040\000M\000e\000m\000b\000e\000r\000\040\000F\000u\000n\000c\000t\000i\000o\000n\000\040\000D\000o\000c\000u\000m\000e\000n\000t\000a\000t\000i\000o\000n}{section.3.20}% 177
\BOOKMARK [3][-]{subsubsection.3.20.3.1}{\376\377\0003\000.\0002\0000\000.\0003\000.\0001\000\040\000C\000a\000l\000c\000u\000l\000a\000t\000e\000D\000e\000l\000t\000a\000T\000i\000m\000e\000\050\000\051}{subsection.3.20.3}% 178
\BOOKMARK [3][-]{subsubsection.3.20.3.2}{\376\377\0003\000.\0002\0000\000.\0003\000.\0002\000\040\000g\000e\000t\000D\000e\000l\000t\000a\000T\000i\000m\000e\000\050\000\051}{subsection.3.20.3}% 179
\BOOKMARK [1][-]{section.3.21}{\376\377\0003\000.\0002\0001\000\040\000U\000f\000o\000\040\000C\000l\000a\000s\000s\000\040\000R\000e\000f\000e\000r\000e\000n\000c\000e}{chapter.3}% 180
\BOOKMARK [2][-]{subsection.3.21.1}{\376\377\0003\000.\0002\0001\000.\0001\000\040\000D\000e\000t\000a\000i\000l\000e\000d\000\040\000D\000e\000s\000c\000r\000i\000p\000t\000i\000o\000n}{section.3.21}% 181
\BOOKMARK [2][-]{subsection.3.21.2}{\376\377\0003\000.\0002\0001\000.\0002\000\040\000C\000o\000n\000s\000t\000r\000u\000c\000t\000o\000r\000\040\000\046\000\040\000D\000e\000s\000t\000r\000u\000c\000t\000o\000r\000\040\000D\000o\000c\000u\000m\000e\000n\000t\000a\000t\000i\000o\000n}{section.3.21}% 182
\BOOKMARK [3][-]{subsubsection.3.21.2.1}{\376\377\0003\000.\0002\0001\000.\0002\000.\0001\000\040\000U\000f\000o\000\050\000\051}{subsection.3.21.2}% 183
\BOOKMARK [2][-]{subsection.3.21.3}{\376\377\0003\000.\0002\0001\000.\0003\000\040\000M\000e\000m\000b\000e\000r\000\040\000F\000u\000n\000c\000t\000i\000o\000n\000\040\000D\000o\000c\000u\000m\000e\000n\000t\000a\000t\000i\000o\000n}{section.3.21}% 184
\BOOKMARK [3][-]{subsubsection.3.21.3.1}{\376\377\0003\000.\0002\0001\000.\0003\000.\0001\000\040\000r\000e\000n\000d\000e\000r\000\050\000\051}{subsection.3.21.3}% 185
\BOOKMARK [3][-]{subsubsection.3.21.3.2}{\376\377\0003\000.\0002\0001\000.\0003\000.\0002\000\040\000r\000e\000s\000e\000t\000\050\000\051}{subsection.3.21.3}% 186
\BOOKMARK [3][-]{subsubsection.3.21.3.3}{\376\377\0003\000.\0002\0001\000.\0003\000.\0003\000\040\000s\000t\000o\000p\000U\000f\000o\000S\000o\000u\000n\000d\000\050\000\051}{subsection.3.21.3}% 187
\BOOKMARK [3][-]{subsubsection.3.21.3.4}{\376\377\0003\000.\0002\0001\000.\0003\000.\0004\000\040\000u\000p\000d\000a\000t\000e\000\050\000\051}{subsection.3.21.3}% 188
\BOOKMARK [1][-]{section.3.22}{\376\377\0003\000.\0002\0002\000\040\000U\000n\000i\000t\000\040\000C\000l\000a\000s\000s\000\040\000R\000e\000f\000e\000r\000e\000n\000c\000e}{chapter.3}% 189
\BOOKMARK [2][-]{subsection.3.22.1}{\376\377\0003\000.\0002\0002\000.\0001\000\040\000D\000e\000t\000a\000i\000l\000e\000d\000\040\000D\000e\000s\000c\000r\000i\000p\000t\000i\000o\000n}{section.3.22}% 190
\BOOKMARK [2][-]{subsection.3.22.2}{\376\377\0003\000.\0002\0002\000.\0002\000\040\000M\000e\000m\000b\000e\000r\000\040\000F\000u\000n\000c\000t\000i\000o\000n\000\040\000D\000o\000c\000u\000m\000e\000n\000t\000a\000t\000i\000o\000n}{section.3.22}% 191
\BOOKMARK [3][-]{subsubsection.3.22.2.1}{\376\377\0003\000.\0002\0002\000.\0002\000.\0001\000\040\000g\000e\000t\000B\000o\000u\000n\000d\000s\000\050\000\051}{subsection.3.22.2}% 192
\BOOKMARK [3][-]{subsubsection.3.22.2.2}{\376\377\0003\000.\0002\0002\000.\0002\000.\0002\000\040\000g\000e\000t\000P\000o\000s\000i\000t\000i\000o\000n\000\050\000\051}{subsection.3.22.2}% 193
\BOOKMARK [3][-]{subsubsection.3.22.2.3}{\376\377\0003\000.\0002\0002\000.\0002\000.\0003\000\040\000i\000n\000i\000t\000i\000a\000l\000i\000z\000e\000S\000p\000r\000i\000t\000e\000\050\000\051}{subsection.3.22.2}% 194
\BOOKMARK [3][-]{subsubsection.3.22.2.4}{\376\377\0003\000.\0002\0002\000.\0002\000.\0004\000\040\000i\000s\000A\000t\000t\000a\000c\000k\000P\000o\000s\000s\000i\000b\000l\000e\000\050\000\051}{subsection.3.22.2}% 195
\BOOKMARK [3][-]{subsubsection.3.22.2.5}{\376\377\0003\000.\0002\0002\000.\0002\000.\0005\000\040\000r\000e\000n\000d\000e\000r\000\050\000\051}{subsection.3.22.2}% 196
\BOOKMARK [2][-]{subsection.3.22.3}{\376\377\0003\000.\0002\0002\000.\0003\000\040\000M\000e\000m\000b\000e\000r\000\040\000D\000a\000t\000a\000\040\000D\000o\000c\000u\000m\000e\000n\000t\000a\000t\000i\000o\000n}{section.3.22}% 197
\BOOKMARK [3][-]{subsubsection.3.22.3.1}{\376\377\0003\000.\0002\0002\000.\0003\000.\0001\000\040\000m\000o\000v\000e\000m\000e\000n\000t\000S\000p\000e\000e\000d}{subsection.3.22.3}% 198
\BOOKMARK [3][-]{subsubsection.3.22.3.2}{\376\377\0003\000.\0002\0002\000.\0003\000.\0002\000\040\000s\000p\000r\000i\000t\000e}{subsection.3.22.3}% 199
\BOOKMARK [3][-]{subsubsection.3.22.3.3}{\376\377\0003\000.\0002\0002\000.\0003\000.\0003\000\040\000t\000e\000x\000t\000u\000r\000e}{subsection.3.22.3}% 200
\BOOKMARK [3][-]{subsubsection.3.22.3.4}{\376\377\0003\000.\0002\0002\000.\0003\000.\0004\000\040\000t\000i\000m\000e\000T\000o\000A\000t\000t\000a\000c\000k}{subsection.3.22.3}% 201
\BOOKMARK [1][-]{section.3.23}{\376\377\0003\000.\0002\0003\000\040\000W\000a\000l\000l\000\040\000C\000l\000a\000s\000s\000\040\000R\000e\000f\000e\000r\000e\000n\000c\000e}{chapter.3}% 202
\BOOKMARK [2][-]{subsection.3.23.1}{\376\377\0003\000.\0002\0003\000.\0001\000\040\000D\000e\000t\000a\000i\000l\000e\000d\000\040\000D\000e\000s\000c\000r\000i\000p\000t\000i\000o\000n}{section.3.23}% 203
\BOOKMARK [2][-]{subsection.3.23.2}{\376\377\0003\000.\0002\0003\000.\0002\000\040\000C\000o\000n\000s\000t\000r\000u\000c\000t\000o\000r\000\040\000\046\000\040\000D\000e\000s\000t\000r\000u\000c\000t\000o\000r\000\040\000D\000o\000c\000u\000m\000e\000n\000t\000a\000t\000i\000o\000n}{section.3.23}% 204
\BOOKMARK [3][-]{subsubsection.3.23.2.1}{\376\377\0003\000.\0002\0003\000.\0002\000.\0001\000\040\000W\000a\000l\000l\000\050\000\051}{subsection.3.23.2}% 205
\BOOKMARK [2][-]{subsection.3.23.3}{\376\377\0003\000.\0002\0003\000.\0003\000\040\000M\000e\000m\000b\000e\000r\000\040\000F\000u\000n\000c\000t\000i\000o\000n\000\040\000D\000o\000c\000u\000m\000e\000n\000t\000a\000t\000i\000o\000n}{section.3.23}% 206
\BOOKMARK [3][-]{subsubsection.3.23.3.1}{\376\377\0003\000.\0002\0003\000.\0003\000.\0001\000\040\000g\000e\000t\000W\000a\000l\000l\000\050\000\051}{subsection.3.23.3}% 207
\BOOKMARK [3][-]{subsubsection.3.23.3.2}{\376\377\0003\000.\0002\0003\000.\0003\000.\0002\000\040\000r\000e\000n\000d\000e\000r\000W\000a\000l\000l\000\050\000\051}{subsection.3.23.3}% 208
\BOOKMARK [1][-]{section.3.24}{\376\377\0003\000.\0002\0004\000\040\000W\000a\000l\000l\000s\000\040\000C\000l\000a\000s\000s\000\040\000R\000e\000f\000e\000r\000e\000n\000c\000e}{chapter.3}% 209
\BOOKMARK [2][-]{subsection.3.24.1}{\376\377\0003\000.\0002\0004\000.\0001\000\040\000D\000e\000t\000a\000i\000l\000e\000d\000\040\000D\000e\000s\000c\000r\000i\000p\000t\000i\000o\000n}{section.3.24}% 210
\BOOKMARK [2][-]{subsection.3.24.2}{\376\377\0003\000.\0002\0004\000.\0002\000\040\000C\000o\000n\000s\000t\000r\000u\000c\000t\000o\000r\000\040\000\046\000\040\000D\000e\000s\000t\000r\000u\000c\000t\000o\000r\000\040\000D\000o\000c\000u\000m\000e\000n\000t\000a\000t\000i\000o\000n}{section.3.24}% 211
\BOOKMARK [3][-]{subsubsection.3.24.2.1}{\376\377\0003\000.\0002\0004\000.\0002\000.\0001\000\040\000W\000a\000l\000l\000s\000\050\000\051}{subsection.3.24.2}% 212
\BOOKMARK [2][-]{subsection.3.24.3}{\376\377\0003\000.\0002\0004\000.\0003\000\040\000M\000e\000m\000b\000e\000r\000\040\000F\000u\000n\000c\000t\000i\000o\000n\000\040\000D\000o\000c\000u\000m\000e\000n\000t\000a\000t\000i\000o\000n}{section.3.24}% 213
\BOOKMARK [3][-]{subsubsection.3.24.3.1}{\376\377\0003\000.\0002\0004\000.\0003\000.\0001\000\040\000g\000e\000t\000T\000e\000x\000t\000u\000r\000e\000s\000\050\000\051}{subsection.3.24.3}% 214
\BOOKMARK [3][-]{subsubsection.3.24.3.2}{\376\377\0003\000.\0002\0004\000.\0003\000.\0002\000\040\000g\000e\000t\000W\000a\000l\000l\000s\000\050\000\051}{subsection.3.24.3}% 215
\BOOKMARK [3][-]{subsubsection.3.24.3.3}{\376\377\0003\000.\0002\0004\000.\0003\000.\0003\000\040\000r\000e\000b\000u\000i\000l\000t\000W\000a\000l\000l\000s\000\050\000\051}{subsection.3.24.3}% 216
\BOOKMARK [3][-]{subsubsection.3.24.3.4}{\376\377\0003\000.\0002\0004\000.\0003\000.\0004\000\040\000r\000e\000n\000d\000e\000r\000W\000a\000l\000l\000s\000\050\000\051}{subsection.3.24.3}% 217
